[debug] [2025-12-16T16:37:41.480Z] ----------------------------------------------------------------------
[debug] [2025-12-16T16:37:41.510Z] Command:       C:\nvm4w\nodejs\node.exe C:\Users\edrin\AppData\Roaming\npm\node_modules\firebase-tools\lib\bin\firebase.js deploy --only functions:convertVoiceNoteToOgg
[debug] [2025-12-16T16:37:41.514Z] CLI Version:   14.20.0
[debug] [2025-12-16T16:37:41.516Z] Platform:      win32
[debug] [2025-12-16T16:37:41.521Z] Node Version:  v22.16.0
[debug] [2025-12-16T16:37:41.522Z] Time:          Tue Dec 16 2025 19:37:41 GMT+0300 (East Africa Time)
[debug] [2025-12-16T16:37:41.522Z] ----------------------------------------------------------------------
[debug] 
[debug] [2025-12-16T16:37:43.156Z] > command requires scopes: ["email","openid","https://www.googleapis.com/auth/cloudplatformprojects.readonly","https://www.googleapis.com/auth/firebase","https://www.googleapis.com/auth/cloud-platform"]
[debug] [2025-12-16T16:37:43.158Z] > authorizing via signed-in user (vortexion256@gmail.com)
[debug] [2025-12-16T16:37:43.159Z] [iam] checking project axion256system for permissions ["cloudfunctions.functions.create","cloudfunctions.functions.delete","cloudfunctions.functions.get","cloudfunctions.functions.list","cloudfunctions.functions.update","cloudfunctions.operations.get","firebase.projects.get"]
[debug] [2025-12-16T16:37:43.163Z] Checked if tokens are valid: true, expires at: 1765906361869
[debug] [2025-12-16T16:37:43.163Z] Checked if tokens are valid: true, expires at: 1765906361869
[debug] [2025-12-16T16:37:43.170Z] >>> [apiv2][query] POST https://cloudresourcemanager.googleapis.com/v1/projects/axion256system:testIamPermissions [none]
[debug] [2025-12-16T16:37:43.170Z] >>> [apiv2][(partial)header] POST https://cloudresourcemanager.googleapis.com/v1/projects/axion256system:testIamPermissions x-goog-quota-user=projects/axion256system
[debug] [2025-12-16T16:37:43.170Z] >>> [apiv2][body] POST https://cloudresourcemanager.googleapis.com/v1/projects/axion256system:testIamPermissions {"permissions":["cloudfunctions.functions.create","cloudfunctions.functions.delete","cloudfunctions.functions.get","cloudfunctions.functions.list","cloudfunctions.functions.update","cloudfunctions.operations.get","firebase.projects.get"]}
[debug] [2025-12-16T16:37:45.213Z] <<< [apiv2][status] POST https://cloudresourcemanager.googleapis.com/v1/projects/axion256system:testIamPermissions 200
[debug] [2025-12-16T16:37:45.221Z] <<< [apiv2][body] POST https://cloudresourcemanager.googleapis.com/v1/projects/axion256system:testIamPermissions {"permissions":["cloudfunctions.functions.create","cloudfunctions.functions.delete","cloudfunctions.functions.get","cloudfunctions.functions.list","cloudfunctions.functions.update","cloudfunctions.operations.get","firebase.projects.get"]}
[debug] [2025-12-16T16:37:45.221Z] Checked if tokens are valid: true, expires at: 1765906361869
[debug] [2025-12-16T16:37:45.222Z] Checked if tokens are valid: true, expires at: 1765906361869
[debug] [2025-12-16T16:37:45.222Z] >>> [apiv2][query] POST https://iam.googleapis.com/v1/projects/axion256system/serviceAccounts/axion256system@appspot.gserviceaccount.com:testIamPermissions [none]
[debug] [2025-12-16T16:37:45.222Z] >>> [apiv2][body] POST https://iam.googleapis.com/v1/projects/axion256system/serviceAccounts/axion256system@appspot.gserviceaccount.com:testIamPermissions {"permissions":["iam.serviceAccounts.actAs"]}
[debug] [2025-12-16T16:37:46.672Z] <<< [apiv2][status] POST https://iam.googleapis.com/v1/projects/axion256system/serviceAccounts/axion256system@appspot.gserviceaccount.com:testIamPermissions 200
[debug] [2025-12-16T16:37:46.672Z] <<< [apiv2][body] POST https://iam.googleapis.com/v1/projects/axion256system/serviceAccounts/axion256system@appspot.gserviceaccount.com:testIamPermissions {"permissions":["iam.serviceAccounts.actAs"]}
[info] 
[info] === Deploying to 'axion256system'...
[info] 
[info] i  deploying functions 
[debug] [2025-12-16T16:37:46.702Z] Checked if tokens are valid: true, expires at: 1765906361869
[debug] [2025-12-16T16:37:46.702Z] Checked if tokens are valid: true, expires at: 1765906361869
[debug] [2025-12-16T16:37:46.705Z] >>> [apiv2][query] GET https://cloudresourcemanager.googleapis.com/v1/projects/axion256system [none]
[debug] [2025-12-16T16:37:47.043Z] <<< [apiv2][status] GET https://cloudresourcemanager.googleapis.com/v1/projects/axion256system 200
[debug] [2025-12-16T16:37:47.043Z] <<< [apiv2][body] GET https://cloudresourcemanager.googleapis.com/v1/projects/axion256system {"projectNumber":"718860459380","projectId":"axion256system","lifecycleState":"ACTIVE","name":"axion256system","labels":{"firebase":"enabled","firebase-core":"disabled"},"createTime":"2025-12-04T09:22:27.025032Z"}
[info] i  functions: preparing codebase default for deployment 
[info] i  functions: ensuring required API cloudfunctions.googleapis.com is enabled... 
[info] i  functions: ensuring required API cloudbuild.googleapis.com is enabled... 
[info] i  artifactregistry: ensuring required API artifactregistry.googleapis.com is enabled... 
[debug] [2025-12-16T16:37:47.109Z] Checked if tokens are valid: true, expires at: 1765906361869
[debug] [2025-12-16T16:37:47.109Z] Checked if tokens are valid: true, expires at: 1765906361869
[debug] [2025-12-16T16:37:47.110Z] >>> [apiv2][query] GET https://firebase.googleapis.com/v1beta1/projects/axion256system/adminSdkConfig [none]
[debug] [2025-12-16T16:37:47.926Z] <<< [apiv2][status] GET https://firebase.googleapis.com/v1beta1/projects/axion256system/adminSdkConfig 200
[debug] [2025-12-16T16:37:47.927Z] <<< [apiv2][body] GET https://firebase.googleapis.com/v1beta1/projects/axion256system/adminSdkConfig {"projectId":"axion256system","storageBucket":"axion256system.firebasestorage.app"}
[debug] [2025-12-16T16:37:47.933Z] Checked if tokens are valid: true, expires at: 1765906361869
[debug] [2025-12-16T16:37:47.934Z] Checked if tokens are valid: true, expires at: 1765906361869
[debug] [2025-12-16T16:37:47.934Z] >>> [apiv2][query] GET https://runtimeconfig.googleapis.com/v1beta1/projects/axion256system/configs [none]
[debug] [2025-12-16T16:37:48.471Z] <<< [apiv2][status] GET https://runtimeconfig.googleapis.com/v1beta1/projects/axion256system/configs 200
[debug] [2025-12-16T16:37:48.472Z] <<< [apiv2][body] GET https://runtimeconfig.googleapis.com/v1beta1/projects/axion256system/configs {}
[debug] [2025-12-16T16:37:48.483Z] Validating nodejs source
[warn] !  functions: package.json indicates an outdated version of firebase-functions. Please upgrade using npm install --save firebase-functions@latest in your functions directory. 
[warn] !  functions: Please note that there will be breaking changes when you upgrade. 
[debug] [2025-12-16T16:37:53.532Z] > [functions] package.json contents: {
  "name": "axion-functions",
  "description": "Cloud Functions for AxionSystem (voice note conversion etc.)",
  "engines": {
    "node": "20"
  },
  "main": "index.js",
  "dependencies": {
    "firebase-admin": "^12.0.0",
    "firebase-functions": "^5.0.0",
    "fluent-ffmpeg": "^2.1.2",
    "ffmpeg-static": "^5.2.0",
    "twilio": "^4.19.0"
  }
}
[debug] [2025-12-16T16:37:53.534Z] Building nodejs source
[info] i  functions: Loading and analyzing source code for codebase default to determine what to deploy 
[debug] [2025-12-16T16:37:53.598Z] Could not find functions.yaml. Must use http discovery
[debug] [2025-12-16T16:37:53.811Z] Found firebase-functions binary at 'E:\Alpha\AxionSystem\functions\node_modules\.bin\firebase-functions'
[info] Serving at port 8736

